<?xml version="1.0" encoding="UTF-8"?>
<testsuite xmlns:xsi="http://www.w3.org/2001/XMLSchema-instance" xsi:noNamespaceSchemaLocation="https://maven.apache.org/surefire/maven-surefire-plugin/xsd/surefire-test-report.xsd" name="com.contoso.AppTest" time="0.042" tests="1" errors="0" skipped="0" failures="0">
  <properties>
    <property name="sun.desktop" value="windows"/>
    <property name="awt.toolkit" value="sun.awt.windows.WToolkit"/>
    <property name="file.encoding.pkg" value="sun.io"/>
    <property name="java.specification.version" value="1.8"/>
    <property name="sun.cpu.isalist" value="amd64"/>
    <property name="sun.jnu.encoding" value="Cp1252"/>
    <property name="java.class.path" value="C:\Users\raheld\OneDrive - Microsoft\Documents\Code\Source\Repros\Java_GraphClient\graphtutorial\target\test-classes;C:\Users\raheld\OneDrive - Microsoft\Documents\Code\Source\Repros\Java_GraphClient\graphtutorial\target\classes;C:\Users\raheld\.m2\repository\junit\junit\4.11\junit-4.11.jar;C:\Users\raheld\.m2\repository\org\hamcrest\hamcrest-core\1.3\hamcrest-core-1.3.jar;C:\Users\raheld\.m2\repository\org\slf4j\slf4j-nop\1.8.0-beta4\slf4j-nop-1.8.0-beta4.jar;C:\Users\raheld\.m2\repository\org\slf4j\slf4j-api\1.8.0-beta4\slf4j-api-1.8.0-beta4.jar;C:\Users\raheld\.m2\repository\com\microsoft\graph\microsoft-graph\1.6.0\microsoft-graph-1.6.0.jar;C:\Users\raheld\.m2\repository\com\google\code\gson\gson\2.8.2\gson-2.8.2.jar;C:\Users\raheld\.m2\repository\com\sun\jersey\jersey-server\1.19.4\jersey-server-1.19.4.jar;C:\Users\raheld\.m2\repository\com\sun\jersey\jersey-core\1.19.4\jersey-core-1.19.4.jar;C:\Users\raheld\.m2\repository\javax\ws\rs\jsr311-api\1.1.1\jsr311-api-1.1.1.jar;C:\Users\raheld\.m2\repository\com\microsoft\graph\microsoft-graph-core\1.0.0\microsoft-graph-core-1.0.0.jar;C:\Users\raheld\.m2\repository\com\googlecode\json-simple\json-simple\1.1\json-simple-1.1.jar;C:\Users\raheld\.m2\repository\com\squareup\okhttp3\okhttp\3.12.1\okhttp-3.12.1.jar;C:\Users\raheld\.m2\repository\com\squareup\okio\okio\1.15.0\okio-1.15.0.jar;C:\Users\raheld\.m2\repository\org\apache\commons\commons-math3\3.6.1\commons-math3-3.6.1.jar;C:\Users\raheld\.m2\repository\com\google\guava\guava\20.0\guava-20.0.jar;C:\Users\raheld\.m2\repository\com\microsoft\azure\msal4j\1.1.0\msal4j-1.1.0.jar;C:\Users\raheld\.m2\repository\com\nimbusds\oauth2-oidc-sdk\6.5\oauth2-oidc-sdk-6.5.jar;C:\Users\raheld\.m2\repository\com\sun\mail\javax.mail\1.6.1\javax.mail-1.6.1.jar;C:\Users\raheld\.m2\repository\javax\activation\activation\1.1\activation-1.1.jar;C:\Users\raheld\.m2\repository\com\github\stephenc\jcip\jcip-annotations\1.0-1\jcip-annotations-1.0-1.jar;C:\Users\raheld\.m2\repository\net\minidev\json-smart\2.3\json-smart-2.3.jar;C:\Users\raheld\.m2\repository\net\minidev\accessors-smart\1.2\accessors-smart-1.2.jar;C:\Users\raheld\.m2\repository\org\ow2\asm\asm\5.0.4\asm-5.0.4.jar;C:\Users\raheld\.m2\repository\com\nimbusds\lang-tag\1.4.4\lang-tag-1.4.4.jar;C:\Users\raheld\.m2\repository\com\nimbusds\nimbus-jose-jwt\8.9\nimbus-jose-jwt-8.9.jar;C:\Users\raheld\.m2\repository\commons-codec\commons-codec\1.11\commons-codec-1.11.jar;C:\Users\raheld\.m2\repository\org\apache\commons\commons-text\1.7\commons-text-1.7.jar;C:\Users\raheld\.m2\repository\org\apache\commons\commons-lang3\3.9\commons-lang3-3.9.jar;C:\Users\raheld\.m2\repository\org\projectlombok\lombok\1.18.6\lombok-1.18.6.jar;C:\Users\raheld\.m2\repository\org\apache\httpcomponents\httpclient\4.5.9\httpclient-4.5.9.jar;C:\Users\raheld\.m2\repository\org\apache\httpcomponents\httpcore\4.4.11\httpcore-4.4.11.jar;C:\Users\raheld\.m2\repository\commons-logging\commons-logging\1.2\commons-logging-1.2.jar;"/>
    <property name="java.vm.vendor" value="Microsoft"/>
    <property name="sun.arch.data.model" value="64"/>
    <property name="user.variant" value=""/>
    <property name="java.vendor.url" value="https://www.microsoft.com/"/>
    <property name="user.timezone" value="America/Chicago"/>
    <property name="java.vm.specification.version" value="1.8"/>
    <property name="os.name" value="Windows 10"/>
    <property name="user.country" value="US"/>
    <property name="sun.java.launcher" value="SUN_STANDARD"/>
    <property name="sun.boot.library.path" value="C:\Program Files\Android\Jdk\microsoft_dist_openjdk_1.8.0.25\jre\bin"/>
    <property name="sun.java.command" value="C:\Users\raheld\AppData\Local\Temp\surefire3653994386868490480\surefirebooter8724049679897192829.jar C:\Users\raheld\AppData\Local\Temp\surefire3653994386868490480 2020-03-05T19-17-23_932-jvmRun1 surefire1669237882569806971tmp surefire_06761292246922164494tmp"/>
    <property name="surefire.test.class.path" value="C:\Users\raheld\OneDrive - Microsoft\Documents\Code\Source\Repros\Java_GraphClient\graphtutorial\target\test-classes;C:\Users\raheld\OneDrive - Microsoft\Documents\Code\Source\Repros\Java_GraphClient\graphtutorial\target\classes;C:\Users\raheld\.m2\repository\junit\junit\4.11\junit-4.11.jar;C:\Users\raheld\.m2\repository\org\hamcrest\hamcrest-core\1.3\hamcrest-core-1.3.jar;C:\Users\raheld\.m2\repository\org\slf4j\slf4j-nop\1.8.0-beta4\slf4j-nop-1.8.0-beta4.jar;C:\Users\raheld\.m2\repository\org\slf4j\slf4j-api\1.8.0-beta4\slf4j-api-1.8.0-beta4.jar;C:\Users\raheld\.m2\repository\com\microsoft\graph\microsoft-graph\1.6.0\microsoft-graph-1.6.0.jar;C:\Users\raheld\.m2\repository\com\google\code\gson\gson\2.8.2\gson-2.8.2.jar;C:\Users\raheld\.m2\repository\com\sun\jersey\jersey-server\1.19.4\jersey-server-1.19.4.jar;C:\Users\raheld\.m2\repository\com\sun\jersey\jersey-core\1.19.4\jersey-core-1.19.4.jar;C:\Users\raheld\.m2\repository\javax\ws\rs\jsr311-api\1.1.1\jsr311-api-1.1.1.jar;C:\Users\raheld\.m2\repository\com\microsoft\graph\microsoft-graph-core\1.0.0\microsoft-graph-core-1.0.0.jar;C:\Users\raheld\.m2\repository\com\googlecode\json-simple\json-simple\1.1\json-simple-1.1.jar;C:\Users\raheld\.m2\repository\com\squareup\okhttp3\okhttp\3.12.1\okhttp-3.12.1.jar;C:\Users\raheld\.m2\repository\com\squareup\okio\okio\1.15.0\okio-1.15.0.jar;C:\Users\raheld\.m2\repository\org\apache\commons\commons-math3\3.6.1\commons-math3-3.6.1.jar;C:\Users\raheld\.m2\repository\com\google\guava\guava\20.0\guava-20.0.jar;C:\Users\raheld\.m2\repository\com\microsoft\azure\msal4j\1.1.0\msal4j-1.1.0.jar;C:\Users\raheld\.m2\repository\com\nimbusds\oauth2-oidc-sdk\6.5\oauth2-oidc-sdk-6.5.jar;C:\Users\raheld\.m2\repository\com\sun\mail\javax.mail\1.6.1\javax.mail-1.6.1.jar;C:\Users\raheld\.m2\repository\javax\activation\activation\1.1\activation-1.1.jar;C:\Users\raheld\.m2\repository\com\github\stephenc\jcip\jcip-annotations\1.0-1\jcip-annotations-1.0-1.jar;C:\Users\raheld\.m2\repository\net\minidev\json-smart\2.3\json-smart-2.3.jar;C:\Users\raheld\.m2\repository\net\minidev\accessors-smart\1.2\accessors-smart-1.2.jar;C:\Users\raheld\.m2\repository\org\ow2\asm\asm\5.0.4\asm-5.0.4.jar;C:\Users\raheld\.m2\repository\com\nimbusds\lang-tag\1.4.4\lang-tag-1.4.4.jar;C:\Users\raheld\.m2\repository\com\nimbusds\nimbus-jose-jwt\8.9\nimbus-jose-jwt-8.9.jar;C:\Users\raheld\.m2\repository\commons-codec\commons-codec\1.11\commons-codec-1.11.jar;C:\Users\raheld\.m2\repository\org\apache\commons\commons-text\1.7\commons-text-1.7.jar;C:\Users\raheld\.m2\repository\org\apache\commons\commons-lang3\3.9\commons-lang3-3.9.jar;C:\Users\raheld\.m2\repository\org\projectlombok\lombok\1.18.6\lombok-1.18.6.jar;C:\Users\raheld\.m2\repository\org\apache\httpcomponents\httpclient\4.5.9\httpclient-4.5.9.jar;C:\Users\raheld\.m2\repository\org\apache\httpcomponents\httpcore\4.4.11\httpcore-4.4.11.jar;C:\Users\raheld\.m2\repository\commons-logging\commons-logging\1.2\commons-logging-1.2.jar;"/>
    <property name="sun.cpu.endian" value="little"/>
    <property name="user.home" value="C:\Users\raheld"/>
    <property name="user.language" value="en"/>
    <property name="java.specification.vendor" value="Oracle Corporation"/>
    <property name="java.home" value="C:\Program Files\Android\Jdk\microsoft_dist_openjdk_1.8.0.25\jre"/>
    <property name="basedir" value="C:\Users\raheld\OneDrive - Microsoft\Documents\Code\Source\Repros\Java_GraphClient\graphtutorial"/>
    <property name="file.separator" value="\"/>
    <property name="line.separator" value="&#10;"/>
    <property name="java.vm.specification.vendor" value="Oracle Corporation"/>
    <property name="java.specification.name" value="Java Platform API Specification"/>
    <property name="java.awt.graphicsenv" value="sun.awt.Win32GraphicsEnvironment"/>
    <property name="surefire.real.class.path" value="C:\Users\raheld\AppData\Local\Temp\surefire3653994386868490480\surefirebooter8724049679897192829.jar"/>
    <property name="sun.boot.class.path" value="C:\Program Files\Android\Jdk\microsoft_dist_openjdk_1.8.0.25\jre\lib\resources.jar;C:\Program Files\Android\Jdk\microsoft_dist_openjdk_1.8.0.25\jre\lib\rt.jar;C:\Program Files\Android\Jdk\microsoft_dist_openjdk_1.8.0.25\jre\lib\sunrsasign.jar;C:\Program Files\Android\Jdk\microsoft_dist_openjdk_1.8.0.25\jre\lib\jsse.jar;C:\Program Files\Android\Jdk\microsoft_dist_openjdk_1.8.0.25\jre\lib\jce.jar;C:\Program Files\Android\Jdk\microsoft_dist_openjdk_1.8.0.25\jre\lib\charsets.jar;C:\Program Files\Android\Jdk\microsoft_dist_openjdk_1.8.0.25\jre\lib\jfr.jar;C:\Program Files\Android\Jdk\microsoft_dist_openjdk_1.8.0.25\jre\classes"/>
    <property name="user.script" value=""/>
    <property name="sun.management.compiler" value="HotSpot 64-Bit Tiered Compilers"/>
    <property name="java.runtime.version" value="1.8.0-25-microsoft-b00"/>
    <property name="user.name" value="raheld"/>
    <property name="path.separator" value=";"/>
    <property name="os.version" value="10.0"/>
    <property name="java.endorsed.dirs" value="C:\Program Files\Android\Jdk\microsoft_dist_openjdk_1.8.0.25\jre\lib\endorsed"/>
    <property name="java.runtime.name" value="OpenJDK Runtime Environment"/>
    <property name="file.encoding" value="Cp1252"/>
    <property name="java.vm.name" value="OpenJDK 64-Bit Server VM"/>
    <property name="localRepository" value="C:\Users\raheld\.m2\repository"/>
    <property name="java.vendor.url.bug" value="https://developercommunity.visualstudio.com"/>
    <property name="java.io.tmpdir" value="C:\Users\raheld\AppData\Local\Temp\"/>
    <property name="java.version" value="1.8.0-25"/>
    <property name="user.dir" value="C:\Users\raheld\OneDrive - Microsoft\Documents\Code\Source\Repros\Java_GraphClient\graphtutorial"/>
    <property name="os.arch" value="amd64"/>
    <property name="java.vm.specification.name" value="Java Virtual Machine Specification"/>
    <property name="java.awt.printerjob" value="sun.awt.windows.WPrinterJob"/>
    <property name="sun.os.patch.level" value=""/>
    <property name="java.library.path" value="C:\Program Files\Android\Jdk\microsoft_dist_openjdk_1.8.0.25\jre\bin;C:\WINDOWS\Sun\Java\bin;C:\WINDOWS\system32;C:\WINDOWS;C:\Python27\;C:\Python27\Scripts;C:\Program Files (x86)\Common Files\Oracle\Java\javapath;C:\Python\Scripts\;C:\Python\;C:\Program Files (x86)\Microsoft SDKs\Azure\CLI2\wbin;C:\Program Files\Microsoft MPI\Bin\;C:\Program Files\Common Files\Microsoft Shared\Microsoft Online Services;C:\Program Files (x86)\Common Files\Microsoft Shared\Microsoft Online Services;C:\WINDOWS\system32;C:\WINDOWS;C:\WINDOWS\System32\Wbem;C:\WINDOWS\System32\WindowsPowerShell\v1.0\;C:\Program Files (x86)\Microsoft SQL Server\Client SDK\ODBC\130\Tools\Binn\;C:\Program Files (x86)\Microsoft SQL Server\140\Tools\Binn\;C:\Program Files (x86)\Microsoft SQL Server\140\DTS\Binn\;C:\Program Files (x86)\Microsoft SQL Server\140\Tools\Binn\ManagementStudio\;C:\Program Files\Microsoft SQL Server\Client SDK\ODBC\130\Tools\Binn\;C:\Program Files\Microsoft SQL Server\140\Tools\Binn\;C:\Program Files\Microsoft SQL Server\140\DTS\Binn\;C:\Program Files\Microsoft SQL Server\130\Tools\Binn\;C:\Program Files\Microsoft\Web Platform Installer\;C:\Program Files (x86)\Microsoft SDKs\Azure\CLI\wbin;C:\WINDOWS\System32\OpenSSH\;C:\Program Files (x86)\NVIDIA Corporation\PhysX\Common;C:\WINDOWS\system32;C:\WINDOWS;C:\WINDOWS\System32\Wbem;C:\WINDOWS\System32\WindowsPowerShell\v1.0\;C:\WINDOWS\System32\OpenSSH\;C:\Program Files (x86)\Plantronics\Spokes3G\;C:\Program Files\NVIDIA Corporation\NVIDIA NvDLISR;C:\Program Files\dotnet\;C:\Program Files\nodejs\;C:\ProgramData\chocolatey\bin;C:\Program Files\Microsoft SQL Server\Client SDK\ODBC\170\Tools\Binn\;C:\Program Files\Microsoft Network Monitor 3\;C:\Program Files\Git\cmd;C:\Users\raheld\AppData\Local\Microsoft\WindowsApps;C:\Users\raheld\AppData\Local\Programs\Microsoft VS Code\bin;C:\Users\raheld\AppData\Local\GitHubDesktop\bin;C:\Users\raheld\AppData\Local\Programs\Fiddler;C:\Users\raheld\AppData\Local\Microsoft\WindowsApps;C:\Users\raheld\AppData\Roaming\npm;C:\gradle-6.0.1\bin;C:\Users\raheld\.dotnet\tools;."/>
    <property name="java.vm.info" value="mixed mode"/>
    <property name="java.vendor" value="Microsoft"/>
    <property name="java.vm.version" value="25.71-b00"/>
    <property name="java.ext.dirs" value="C:\Program Files\Android\Jdk\microsoft_dist_openjdk_1.8.0.25\jre\lib\ext;C:\WINDOWS\Sun\Java\lib\ext"/>
    <property name="sun.io.unicode.encoding" value="UnicodeLittle"/>
    <property name="java.class.version" value="52.0"/>
  </properties>
  <testcase name="shouldAnswerWithTrue" classname="com.contoso.AppTest" time="0.001"/>
</testsuite>